<?xml version="1.0" encoding="utf-8"?>
<test-run id="2" testcasecount="1" result="Passed" total="1" passed="1" failed="0" inconclusive="0" skipped="0" asserts="0" engine-version="3.5.0.0" clr-version="4.0.30319.42000" start-time="2019-01-20 20:15:43Z" end-time="2019-01-20 20:15:44Z" duration="1,0432215">
  <test-suite type="TestSuite" id="3692" name="Fuero Games" fullname="Fuero Games" runstate="Runnable" testcasecount="1148" result="Passed" start-time="2019-01-20 20:15:43Z" end-time="2019-01-20 20:15:44Z" duration="1.043222" total="1" passed="1" failed="0" inconclusive="0" skipped="0" asserts="0">
    <properties />
    <test-suite type="Assembly" id="3733" name="Unity.Entities.PerformanceTests.dll" fullname="C:/Unity/Fuero Games/Library/ScriptAssemblies/Unity.Entities.PerformanceTests.dll" runstate="Runnable" testcasecount="33" result="Passed" start-time="2019-01-20 20:15:43Z" end-time="2019-01-20 20:15:44Z" duration="0.995931" total="1" passed="1" failed="0" inconclusive="0" skipped="0" asserts="0">
      <properties>
        <property name="_PID" value="3796" />
        <property name="_APPDOMAIN" value="Unity Child Domain" />
      </properties>
      <test-suite type="TestSuite" id="3734" name="Unity" fullname="Unity" runstate="Runnable" testcasecount="33" result="Passed" start-time="2019-01-20 20:15:43Z" end-time="2019-01-20 20:15:44Z" duration="0.974491" total="1" passed="1" failed="0" inconclusive="0" skipped="0" asserts="0">
        <properties />
        <test-suite type="TestSuite" id="3735" name="Entities" fullname="Unity.Entities" runstate="Runnable" testcasecount="33" result="Passed" start-time="2019-01-20 20:15:43Z" end-time="2019-01-20 20:15:44Z" duration="0.957615" total="1" passed="1" failed="0" inconclusive="0" skipped="0" asserts="0">
          <properties />
          <test-suite type="TestSuite" id="3738" name="PerformanceTests" fullname="Unity.Entities.PerformanceTests" runstate="Runnable" testcasecount="30" result="Passed" start-time="2019-01-20 20:15:43Z" end-time="2019-01-20 20:15:44Z" duration="0.943924" total="1" passed="1" failed="0" inconclusive="0" skipped="0" asserts="0">
            <properties />
            <test-suite type="TestFixture" id="3701" name="InstantiatePerformanceTests" fullname="Unity.Entities.PerformanceTests.InstantiatePerformanceTests" classname="Unity.Entities.PerformanceTests.InstantiatePerformanceTests" runstate="Runnable" testcasecount="24" result="Passed" start-time="2019-01-20 20:15:43Z" end-time="2019-01-20 20:15:44Z" duration="0.928628" total="1" passed="1" failed="0" inconclusive="0" skipped="0" asserts="0">
              <properties />
              <test-suite type="ParameterizedMethod" id="3727" name="DestroyBatch_100k" fullname="Unity.Entities.PerformanceTests.InstantiatePerformanceTests.DestroyBatch_100k" classname="Unity.Entities.PerformanceTests.InstantiatePerformanceTests" runstate="Runnable" testcasecount="12" result="Passed" start-time="2019-01-20 20:15:43Z" end-time="2019-01-20 20:15:44Z" duration="0.918187" total="1" passed="1" failed="0" inconclusive="0" skipped="0" asserts="0">
                <properties />
                <test-case id="3716" name="DestroyBatch_100k(1,EmptyHierarchy)" fullname="Unity.Entities.PerformanceTests.InstantiatePerformanceTests.DestroyBatch_100k(1,EmptyHierarchy)" methodname="DestroyBatch_100k" classname="Unity.Entities.PerformanceTests.InstantiatePerformanceTests" runstate="Runnable" seed="858867054" result="Passed" start-time="2019-01-20 20:15:43Z" end-time="2019-01-20 20:15:44Z" duration="0.912067" asserts="0">
                  <properties />
                  <output><![CDATA[Time Millisecond Median:68,21 Min:65,85 Max:69,82 Avg:68,08 Std:1,34 Zeroes:0 SampleCount: 7 Sum: 476,58

##performancetestresult:{"TestName":"Unity.Entities.PerformanceTests.InstantiatePerformanceTests.DestroyBatch_100k(1,EmptyHierarchy)","TestCategories":["Uncategorized"],"TestVersion":"1","StartTime":1548015343714.7866,"EndTime":1548015344577.6616,"SampleGroups":[{"Definition":{"Name":"Time","SampleUnit":2,"AggregationType":3,"Threshold":0.15,"IncreaseIsBetter":false,"Percentile":0.0,"FailOnBaseline":true},"Samples":[69.59891510009766,69.82010650634766,67.60823822021485,68.2057113647461,68.6949462890625,66.80953216552735,65.84751892089844],"Min":65.84751892089844,"Max":69.82010650634766,"Median":68.2057113647461,"Average":68.08356693812779,"StandardDeviation":1.3389530250431337,"PercentileValue":0.0,"Sum":476.58496856689455,"Zeroes":0,"SampleCount":7}]}
]]></output>
                </test-case>
              </test-suite>
            </test-suite>
          </test-suite>
        </test-suite>
      </test-suite>
    </test-suite>
  </test-suite>
</test-run>